[debug] [2019-05-21T16:01:01.524Z] ----------------------------------------------------------------------
[debug] [2019-05-21T16:01:01.527Z] Command:       /usr/local/bin/node /usr/local/bin/firebase serve --only functions
[debug] [2019-05-21T16:01:01.527Z] CLI Version:   6.8.0
[debug] [2019-05-21T16:01:01.527Z] Platform:      darwin
[debug] [2019-05-21T16:01:01.527Z] Node Version:  v10.15.3
[debug] [2019-05-21T16:01:01.532Z] Time:          Tue May 21 2019 23:01:01 GMT+0700 (Indochina Time)
[debug] [2019-05-21T16:01:01.533Z] ----------------------------------------------------------------------
[debug] 
[debug] [2019-05-21T16:01:01.544Z] > command requires scopes: ["email","openid","https://www.googleapis.com/auth/cloudplatformprojects.readonly","https://www.googleapis.com/auth/firebase","https://www.googleapis.com/auth/cloud-platform"]
[debug] [2019-05-21T16:01:01.545Z] > authorizing via signed-in user
[debug] [2019-05-21T16:01:01.545Z] [iam] checking project homeland-1d54f for permissions ["firebase.projects.get"]
[debug] [2019-05-21T16:01:01.547Z] >>> HTTP REQUEST POST https://cloudresourcemanager.googleapis.com/v1/projects/homeland-1d54f:testIamPermissions  

[debug] [2019-05-21T16:01:02.791Z] <<< HTTP RESPONSE 200
[debug] [2019-05-21T16:01:02.793Z] >>> HTTP REQUEST GET https://cloudresourcemanager.googleapis.com/v1/projects/homeland-1d54f  
 
[debug] [2019-05-21T16:01:04.027Z] <<< HTTP RESPONSE 200
[info] 
[info] === Serving from '/Users/duocvo/Desktop/projects/lalaland/api'...
[info] 
[info] i  functions: Preparing to emulate functions.
[debug] [2019-05-21T16:01:04.902Z] Fetching environment
[debug] [2019-05-21T16:01:05.031Z] Error: EACCES: permission denied, open '/Users/duocvo/.config/gcloud/application_default_credentials.json'
    at Object.openSync (fs.js:438:3)
    at Object.writeFileSync (fs.js:1189:35)
    at module.exports (/usr/local/lib/node_modules/firebase-tools/lib/ensureDefaultCredentials.js:28:8)
    at FunctionsEmulator.start (/usr/local/lib/node_modules/firebase-tools/lib/functionsEmulator.js:106:5)
    at Object.start (/usr/local/lib/node_modules/firebase-tools/lib/serve/functions.js:7:33)
    at /usr/local/lib/node_modules/firebase-tools/lib/serve/index.js:15:23
    at arrayMap (/usr/local/lib/node_modules/firebase-tools/node_modules/lodash/lodash.js:639:23)
    at Function.map (/usr/local/lib/node_modules/firebase-tools/node_modules/lodash/lodash.js:9556:14)
    at _serve (/usr/local/lib/node_modules/firebase-tools/lib/serve/index.js:13:26)
    at Command.module.exports.Command.description.option.option.option.option.before.action [as _action] (/usr/local/lib/node_modules/firebase-tools/lib/commands/serve.js:55:12)
[error] 
[error] Error: An unexpected error has occurred.
